This is pdfTeX, Version 3.141592653-2.6-1.40.25 (MiKTeX 24.1) (preloaded format=pdflatex 2024.11.28)  14 DEC 2024 21:52
entering extended mode
 restricted \write18 enabled.
 %&-line parsing enabled.
**"./NLA Project.tex"
(NLA Project.tex
LaTeX2e <2023-11-01> patch level 1
L3 programming layer <2024-01-04>
(C:\Users\Sumaira\AppData\Local\Programs\MiKTeX\tex/latex/base\article.cls
Document Class: article 2023/05/17 v1.4n Standard LaTeX document class
(C:\Users\Sumaira\AppData\Local\Programs\MiKTeX\tex/latex/base\size12.clo
File: size12.clo 2023/05/17 v1.4n Standard LaTeX file (size option)
)
\c@part=\count187
\c@section=\count188
\c@subsection=\count189
\c@subsubsection=\count190
\c@paragraph=\count191
\c@subparagraph=\count192
\c@figure=\count193
\c@table=\count194
\abovecaptionskip=\skip48
\belowcaptionskip=\skip49
\bibindent=\dimen140
)
(C:\Users\Sumaira\AppData\Local\Programs\MiKTeX\tex/latex/graphics\graphicx.sty
Package: graphicx 2021/09/16 v1.2d Enhanced LaTeX Graphics (DPC,SPQR)
(C:\Users\Sumaira\AppData\Local\Programs\MiKTeX\tex/latex/graphics\keyval.sty
Package: keyval 2022/05/29 v1.15 key=value parser (DPC)
\KV@toks@=\toks17
)
(C:\Users\Sumaira\AppData\Local\Programs\MiKTeX\tex/latex/graphics\graphics.sty
Package: graphics 2022/03/10 v1.4e Standard LaTeX Graphics (DPC,SPQR)
(C:\Users\Sumaira\AppData\Local\Programs\MiKTeX\tex/latex/graphics\trig.sty
Package: trig 2021/08/11 v1.11 sin cos tan (DPC)
)
(C:\Users\Sumaira\AppData\Local\Programs\MiKTeX\tex/latex/graphics-cfg\graphics
.cfg
File: graphics.cfg 2016/06/04 v1.11 sample graphics configuration
)
Package graphics Info: Driver file: pdftex.def on input line 107.

(C:\Users\Sumaira\AppData\Local\Programs\MiKTeX\tex/latex/graphics-def\pdftex.d
ef
File: pdftex.def 2022/09/22 v1.2b Graphics/color driver for pdftex
))
\Gin@req@height=\dimen141
\Gin@req@width=\dimen142
)
(C:\Users\Sumaira\AppData\Local\Programs\MiKTeX\tex/latex/geometry\geometry.sty
Package: geometry 2020/01/02 v5.9 Page Geometry
(C:\Users\Sumaira\AppData\Local\Programs\MiKTeX\tex/generic/iftex\ifvtex.sty
Package: ifvtex 2019/10/25 v1.7 ifvtex legacy package. Use iftex instead.

(C:\Users\Sumaira\AppData\Local\Programs\MiKTeX\tex/generic/iftex\iftex.sty
Package: iftex 2022/02/03 v1.0f TeX engine tests
))
\Gm@cnth=\count195
\Gm@cntv=\count196
\c@Gm@tempcnt=\count197
\Gm@bindingoffset=\dimen143
\Gm@wd@mp=\dimen144
\Gm@odd@mp=\dimen145
\Gm@even@mp=\dimen146
\Gm@layoutwidth=\dimen147
\Gm@layoutheight=\dimen148
\Gm@layouthoffset=\dimen149
\Gm@layoutvoffset=\dimen150
\Gm@dimlist=\toks18

(C:\Users\Sumaira\AppData\Local\Programs\MiKTeX\tex/latex/geometry\geometry.cfg
))
(C:\Users\Sumaira\AppData\Local\Programs\MiKTeX\tex/latex/amsmath\amsmath.sty
Package: amsmath 2023/05/13 v2.17o AMS math features
\@mathmargin=\skip50

For additional information on amsmath, use the `?' option.
(C:\Users\Sumaira\AppData\Local\Programs\MiKTeX\tex/latex/amsmath\amstext.sty
Package: amstext 2021/08/26 v2.01 AMS text

(C:\Users\Sumaira\AppData\Local\Programs\MiKTeX\tex/latex/amsmath\amsgen.sty
File: amsgen.sty 1999/11/30 v2.0 generic functions
\@emptytoks=\toks19
\ex@=\dimen151
))
(C:\Users\Sumaira\AppData\Local\Programs\MiKTeX\tex/latex/amsmath\amsbsy.sty
Package: amsbsy 1999/11/29 v1.2d Bold Symbols
\pmbraise@=\dimen152
)
(C:\Users\Sumaira\AppData\Local\Programs\MiKTeX\tex/latex/amsmath\amsopn.sty
Package: amsopn 2022/04/08 v2.04 operator names
)
\inf@bad=\count198
LaTeX Info: Redefining \frac on input line 234.
\uproot@=\count199
\leftroot@=\count266
LaTeX Info: Redefining \overline on input line 399.
LaTeX Info: Redefining \colon on input line 410.
\classnum@=\count267
\DOTSCASE@=\count268
LaTeX Info: Redefining \ldots on input line 496.
LaTeX Info: Redefining \dots on input line 499.
LaTeX Info: Redefining \cdots on input line 620.
\Mathstrutbox@=\box51
\strutbox@=\box52
LaTeX Info: Redefining \big on input line 722.
LaTeX Info: Redefining \Big on input line 723.
LaTeX Info: Redefining \bigg on input line 724.
LaTeX Info: Redefining \Bigg on input line 725.
\big@size=\dimen153
LaTeX Font Info:    Redeclaring font encoding OML on input line 743.
LaTeX Font Info:    Redeclaring font encoding OMS on input line 744.
\macc@depth=\count269
LaTeX Info: Redefining \bmod on input line 905.
LaTeX Info: Redefining \pmod on input line 910.
LaTeX Info: Redefining \smash on input line 940.
LaTeX Info: Redefining \relbar on input line 970.
LaTeX Info: Redefining \Relbar on input line 971.
\c@MaxMatrixCols=\count270
\dotsspace@=\muskip16
\c@parentequation=\count271
\dspbrk@lvl=\count272
\tag@help=\toks20
\row@=\count273
\column@=\count274
\maxfields@=\count275
\andhelp@=\toks21
\eqnshift@=\dimen154
\alignsep@=\dimen155
\tagshift@=\dimen156
\tagwidth@=\dimen157
\totwidth@=\dimen158
\lineht@=\dimen159
\@envbody=\toks22
\multlinegap=\skip51
\multlinetaggap=\skip52
\mathdisplay@stack=\toks23
LaTeX Info: Redefining \[ on input line 2953.
LaTeX Info: Redefining \] on input line 2954.
)
(C:\Users\Sumaira\AppData\Local\Programs\MiKTeX\tex/latex/blindtext\blindtext.s
ty
Package: blindtext 2012/01/06 V2.0 blindtext-Package
 (C:\Users\Sumaira\AppData\Local\Programs\MiKTeX\tex/latex/tools\xspace.sty
Package: xspace 2014/10/28 v1.13 Space after command names (DPC,MH)
)
\c@blindtext=\count276
\c@Blindtext=\count277
\c@blind@countparstart=\count278
\blind@countxx=\count279
\blindtext@numBlindtext=\count280
\blind@countyy=\count281
\c@blindlist=\count282
\c@blindlistlevel=\count283
\c@blindlist@level=\count284
\blind@listitem=\count285
\c@blind@listcount=\count286
\c@blind@levelcount=\count287
\blind@mathformula=\count288
\blind@Mathformula=\count289
\c@blind@randomcount=\count290
\c@blind@randommax=\count291
\c@blind@pangramcount=\count292
\c@blind@pangrammax=\count293
)
(C:\Users\Sumaira\AppData\Local\Programs\MiKTeX\tex/latex/mathtools\mathtools.s
ty
Package: mathtools 2024/10/04 v1.31 mathematical typesetting tools
 (C:\Users\Sumaira\AppData\Local\Programs\MiKTeX\tex/latex/tools\calc.sty
Package: calc 2023/07/08 v4.3 Infix arithmetic (KKT,FJ)
\calc@Acount=\count294
\calc@Bcount=\count295
\calc@Adimen=\dimen160
\calc@Bdimen=\dimen161
\calc@Askip=\skip53
\calc@Bskip=\skip54
LaTeX Info: Redefining \setlength on input line 80.
LaTeX Info: Redefining \addtolength on input line 81.
\calc@Ccount=\count296
\calc@Cskip=\skip55
)
(C:\Users\Sumaira\AppData\Local\Programs\MiKTeX\tex/latex/mathtools\mhsetup.sty
Package: mhsetup 2021/03/18 v1.4 programming setup (MH)
)
\g_MT_multlinerow_int=\count297
\l_MT_multwidth_dim=\dimen162
\origjot=\skip56
\l_MT_shortvdotswithinadjustabove_dim=\dimen163
\l_MT_shortvdotswithinadjustbelow_dim=\dimen164
\l_MT_above_intertext_sep=\dimen165
\l_MT_below_intertext_sep=\dimen166
\l_MT_above_shortintertext_sep=\dimen167
\l_MT_below_shortintertext_sep=\dimen168
\xmathstrut@box=\box53
\xmathstrut@dim=\dimen169
)
(C:\Users\Sumaira\AppData\Local\Programs\MiKTeX\tex/latex/preprint\fullpage.sty
Package: fullpage 1999/02/23 1.1 (PWD)
\FP@margin=\skip57
) (C:\Users\Sumaira\AppData\Local\Programs\MiKTeX\tex/latex/tools\array.sty
Package: array 2023/10/16 v2.5g Tabular extension package (FMi)
\col@sep=\dimen170
\ar@mcellbox=\box54
\extrarowheight=\dimen171
\NC@list=\toks24
\extratabsurround=\skip58
\backup@length=\skip59
\ar@cellbox=\box55
)

! LaTeX Error: Missing \begin{document}.

See the LaTeX manual or LaTeX Companion for explanation.
Type  H <return>  for immediate help.
 ...                                              
                                                  
l.12 \begin{center}
                   
You're in trouble here.  Try typing  <return>  to proceed.
If that doesn't work, type  X <return>  to quit.


! LaTeX Error: Missing \begin{document}.

See the LaTeX manual or LaTeX Companion for explanation.
Type  H <return>  for immediate help.
 ...                                              
                                                  
l.26 	\begin{figure}[h]
                       
You're in trouble here.  Try typing  <return>  to proceed.
If that doesn't work, type  X <return>  to quit.

<logo.png, id=1, 1204.5pt x 1120.185pt>
File: logo.png Graphic file (type png)
<use logo.png>
Package pdftex.def Info: logo.png  used on input line 28.
(pdftex.def)             Requested size: 155.99762pt x 145.0651pt.
[1

{C:/Users/Sumaira/AppData/Local/MiKTeX/fonts/map/pdftex/pdftex.map}
\newlabel{fig:logo}{{}{1}{}{}{}}
 <./logo.png>]
(C:\Users\Sumaira\AppData\Local\Programs\MiKTeX\tex/latex/l3backend\l3backend-p
dftex.def
File: l3backend-pdftex.def 2024-01-04 L3 backend support: PDF output (pdfTeX)
\l__color_backend_stack_int=\count298
\l__pdf_internal_box=\box56
)

LaTeX Warning: Unused global option(s):
    [english].

(NLA Project.aux)
\openout1 = `"NLA Project.aux"'.

LaTeX Font Info:    Checking defaults for OML/cmm/m/it on input line 52.
LaTeX Font Info:    ... okay on input line 52.
LaTeX Font Info:    Checking defaults for OMS/cmsy/m/n on input line 52.
LaTeX Font Info:    ... okay on input line 52.
LaTeX Font Info:    Checking defaults for OT1/cmr/m/n on input line 52.
LaTeX Font Info:    ... okay on input line 52.
LaTeX Font Info:    Checking defaults for T1/cmr/m/n on input line 52.
LaTeX Font Info:    ... okay on input line 52.
LaTeX Font Info:    Checking defaults for TS1/cmr/m/n on input line 52.
LaTeX Font Info:    ... okay on input line 52.
LaTeX Font Info:    Checking defaults for OMX/cmex/m/n on input line 52.
LaTeX Font Info:    ... okay on input line 52.
LaTeX Font Info:    Checking defaults for U/cmr/m/n on input line 52.
LaTeX Font Info:    ... okay on input line 52.

(C:\Users\Sumaira\AppData\Local\Programs\MiKTeX\tex/context/base/mkii\supp-pdf.
mkii
[Loading MPS to PDF converter (version 2006.09.02).]
\scratchcounter=\count299
\scratchdimen=\dimen172
\scratchbox=\box57
\nofMPsegments=\count300
\nofMParguments=\count301
\everyMPshowfont=\toks25
\MPscratchCnt=\count302
\MPscratchDim=\dimen173
\MPnumerator=\count303
\makeMPintoPDFobject=\count304
\everyMPtoPDFconversion=\toks26
)
(C:\Users\Sumaira\AppData\Local\Programs\MiKTeX\tex/latex/epstopdf-pkg\epstopdf
-base.sty
Package: epstopdf-base 2020-01-24 v2.11 Base part for package epstopdf
Package epstopdf-base Info: Redefining graphics rule for `.eps' on input line 4
85.

(C:\Users\Sumaira\AppData\Local\Programs\MiKTeX\tex/latex/00miktex\epstopdf-sys
.cfg
File: epstopdf-sys.cfg 2021/03/18 v2.0 Configuration of epstopdf for MiKTeX
))
*geometry* driver: auto-detecting
*geometry* detected driver: pdftex
*geometry* verbose mode - [ preamble ] result:
* driver: pdftex
* paper: <default>
* layout: <same size as paper>
* layoutoffset:(h,v)=(0.0pt,0.0pt)
* modes: 
* h-part:(L,W,R)=(72.26999pt, 469.75502pt, 72.26999pt)
* v-part:(T,H,B)=(72.26999pt, 650.43001pt, 72.26999pt)
* \paperwidth=614.295pt
* \paperheight=794.96999pt
* \textwidth=469.75502pt
* \textheight=620.43001pt
* \oddsidemargin=0.0pt
* \evensidemargin=0.0pt
* \topmargin=0.0pt
* \headheight=0.0pt
* \headsep=0.0pt
* \topskip=12.0pt
* \footskip=30.0pt
* \marginparwidth=44.0pt
* \marginparsep=10.0pt
* \columnsep=10.0pt
* \skip\footins=10.8pt plus 4.0pt minus 2.0pt
* \hoffset=0.0pt
* \voffset=0.0pt
* \mag=1000
* \@twocolumnfalse
* \@twosidefalse
* \@mparswitchfalse
* \@reversemarginfalse
* (1in=72.27pt=25.4mm, 1cm=28.453pt)

(NLA Project.toc)
\tf@toc=\write3
\openout3 = `"NLA Project.toc"'.

 [2]
Underfull \hbox (badness 10000) in paragraph at lines 66--67

 []


Underfull \hbox (badness 10000) in paragraph at lines 68--69

 []


Underfull \hbox (badness 10000) in paragraph at lines 70--71

 []


Underfull \hbox (badness 10000) in paragraph at lines 72--73

 []


Underfull \hbox (badness 10000) in paragraph at lines 74--75

 []

[3] [4] [5] [6]
<fig7.jpeg, id=28, 539.01375pt x 243.91125pt>
File: fig7.jpeg Graphic file (type jpg)
<use fig7.jpeg>
Package pdftex.def Info: fig7.jpeg  used on input line 220.
(pdftex.def)             Requested size: 281.85587pt x 127.54543pt.
 [7 <./fig7.jpeg>]
<fig35.jpeg, id=33, 963.6pt x 410.2828pt>
File: fig35.jpeg Graphic file (type jpg)
<use fig35.jpeg>
Package pdftex.def Info: fig35.jpeg  used on input line 228.
(pdftex.def)             Requested size: 281.85587pt x 120.00566pt.
<tb1.png, id=34, 227.34938pt x 105.39375pt>
File: tb1.png Graphic file (type png)
<use tb1.png>
Package pdftex.def Info: tb1.png  used on input line 242.
(pdftex.def)             Requested size: 281.85587pt x 130.66437pt.
 [8 <./fig35.jpeg>]
<fig1.png, id=38, 316.18124pt x 347.04657pt>
File: fig1.png Graphic file (type png)
<use fig1.png>
Package pdftex.def Info: fig1.png  used on input line 257.
(pdftex.def)             Requested size: 234.8775pt x 257.81128pt.

Underfull \hbox (badness 10000) in paragraph at lines 261--262

 []


Underfull \hbox (badness 10000) in paragraph at lines 267--268

 []

[9 <./tb1.png>]
<fig2.jpg, id=42, 313.17pt x 355.3275pt>
File: fig2.jpg Graphic file (type jpg)
<use fig2.jpg>
Package pdftex.def Info: fig2.jpg  used on input line 284.
(pdftex.def)             Requested size: 234.8775pt x 266.5058pt.
 [10 <./fig1.png>]
<fig3.jpg, id=51, 314.67563pt x 346.29375pt>
File: fig3.jpg Graphic file (type jpg)
<use fig3.jpg>
Package pdftex.def Info: fig3.jpg  used on input line 309.
(pdftex.def)             Requested size: 234.8775pt x 258.47792pt.
 [11 <./fig2.jpg>]
<fig4.jpeg, id=55, 418.56375pt x 310.91156pt>
File: fig4.jpeg Graphic file (type jpg)
<use fig4.jpeg>
Package pdftex.def Info: fig4.jpeg  used on input line 323.
(pdftex.def)             Requested size: 281.85587pt x 209.36284pt.

Overfull \hbox (3.42618pt too wide) in paragraph at lines 327--328
[]\OT1/cmr/m/n/12 The box plot pro-vides a de-tailed vi-sual rep-re-sen-ta-tion
 of en-ergy con-sump-tion data (KWH).
 []

[12 <./fig3.jpg>]
<fig5.jpeg, id=59, 408.02437pt x 375.65344pt>
File: fig5.jpeg Graphic file (type jpg)
<use fig5.jpeg>
Package pdftex.def Info: fig5.jpeg  used on input line 332.
(pdftex.def)             Requested size: 234.8775pt x 216.24551pt.
<fig6.jpeg, id=60, 763.35187pt x 386.94562pt>
File: fig6.jpeg Graphic file (type jpg)
<use fig6.jpeg>
Package pdftex.def Info: fig6.jpeg  used on input line 341.
(pdftex.def)             Requested size: 328.82707pt x 166.6845pt.

Underfull \hbox (badness 10000) in paragraph at lines 345--348

 []

<fig8.jpg, id=61, 387.69844pt x 314.67563pt>
File: fig8.jpg Graphic file (type jpg)
<use fig8.jpg>
Package pdftex.def Info: fig8.jpg  used on input line 359.
(pdftex.def)             Requested size: 281.85587pt x 228.77019pt.
[13 <./fig4.jpeg>] [14 <./fig5.jpeg> <./fig6.jpeg>]
<fig9.jpg, id=69, 204.01219pt x 143.78719pt>
File: fig9.jpg Graphic file (type jpg)
<use fig9.jpg>
Package pdftex.def Info: fig9.jpg  used on input line 386.
(pdftex.def)             Requested size: 164.41711pt x 115.88556pt.
 [15 <./fig8.jpg>]
<fig10.jpeg, id=73, 787.44188pt x 491.58656pt>
File: fig10.jpeg Graphic file (type jpg)
<use fig10.jpeg>
Package pdftex.def Info: fig10.jpeg  used on input line 406.
(pdftex.def)             Requested size: 258.36668pt x 161.29393pt.
 [16 <./fig9.jpg> <./fig10.jpeg>] [17] [18] [19] [20]
<fig11.jpeg, id=90, 748.29562pt x 68.50594pt>
File: fig11.jpeg Graphic file (type jpg)
<use fig11.jpeg>
Package pdftex.def Info: fig11.jpeg  used on input line 524.
(pdftex.def)             Requested size: 422.77664pt x 38.70488pt.
<nor.jpeg, id=91, 487.8225pt x 170.13562pt>
File: nor.jpeg Graphic file (type jpg)
<use nor.jpeg>
Package pdftex.def Info: nor.jpeg  used on input line 532.
(pdftex.def)             Requested size: 281.85587pt x 98.30229pt.
<enor.jpeg, id=92, 397.485pt x 220.57407pt>
File: enor.jpeg Graphic file (type jpg)
<use enor.jpeg>
Package pdftex.def Info: enor.jpeg  used on input line 538.
(pdftex.def)             Requested size: 234.8775pt x 130.34286pt.
<auto.jpeg, id=93, 426.09187pt x 175.40532pt>
File: auto.jpeg Graphic file (type jpg)
<use auto.jpeg>
Package pdftex.def Info: auto.jpeg  used on input line 546.
(pdftex.def)             Requested size: 234.8775pt x 96.69267pt.
<eauto.jpeg, id=94, 405.76593pt x 225.09094pt>
File: eauto.jpeg Graphic file (type jpg)
<use eauto.jpeg>
Package pdftex.def Info: eauto.jpeg  used on input line 552.
(pdftex.def)             Requested size: 234.8775pt x 130.29523pt.
<hyb.jpeg, id=95, 432.11438pt x 172.39406pt>
File: hyb.jpeg Graphic file (type jpg)
<use hyb.jpeg>
Package pdftex.def Info: hyb.jpeg  used on input line 561.
(pdftex.def)             Requested size: 281.85587pt x 112.45201pt.
<Ehyb.jpeg, id=96, 422.32782pt x 219.06844pt>
File: Ehyb.jpeg Graphic file (type jpg)
<use Ehyb.jpeg>
Package pdftex.def Info: Ehyb.jpeg  used on input line 571.
(pdftex.def)             Requested size: 234.8775pt x 121.83846pt.
<fig12.jpeg, id=97, 963.6pt x 316.93407pt>
File: fig12.jpeg Graphic file (type jpg)
<use fig12.jpeg>
Package pdftex.def Info: fig12.jpeg  used on input line 580.
(pdftex.def)             Requested size: 422.77664pt x 139.05002pt.
<fig17.jpeg, id=98, 963.6pt x 316.18124pt>
File: fig17.jpeg Graphic file (type jpg)
<use fig17.jpeg>
Package pdftex.def Info: fig17.jpeg  used on input line 587.
(pdftex.def)             Requested size: 422.77664pt x 138.71973pt.
 [21 <./fig11.jpeg>]

LaTeX Warning: Text page 22 contains only floats.

[22 <./nor.jpeg> <./enor.jpeg> <./auto.jpeg> <./eauto.jpeg>]
<fig13.jpeg, id=105, 465.99094pt x 149.05687pt>
File: fig13.jpeg Graphic file (type jpg)
<use fig13.jpeg>
Package pdftex.def Info: fig13.jpeg  used on input line 598.
(pdftex.def)             Requested size: 328.82707pt x 105.18518pt.
<fig14.jpeg, id=106, 475.7775pt x 152.82094pt>
File: fig14.jpeg Graphic file (type jpg)
<use fig14.jpeg>
Package pdftex.def Info: fig14.jpeg  used on input line 606.
(pdftex.def)             Requested size: 328.82707pt x 105.62376pt.
<fig15.jpeg, id=107, 685.05937pt x 94.85437pt>
File: fig15.jpeg Graphic file (type jpg)
<use fig15.jpeg>
Package pdftex.def Info: fig15.jpeg  used on input line 619.
(pdftex.def)             Requested size: 375.80544pt x 52.03545pt.
 [23 <./hyb.jpeg> <./Ehyb.jpeg> <./fig12.jpeg>]
<fig16.jpeg, id=111, 685.05937pt x 91.09032pt>
File: fig16.jpeg Graphic file (type jpg)
<use fig16.jpeg>
Package pdftex.def Info: fig16.jpeg  used on input line 626.
(pdftex.def)             Requested size: 375.80544pt x 49.97055pt.
 [24 <./fig17.jpeg> <./fig13.jpeg> <./fig14.jpeg> <./fig15.jpeg>]
<fig18.jpeg, id=115, 273.27094pt x 110.66344pt>
File: fig18.jpeg Graphic file (type jpg)
<use fig18.jpeg>
Package pdftex.def Info: fig18.jpeg  used on input line 637.
(pdftex.def)             Requested size: 234.8775pt x 95.11633pt.
<fig19.jpeg, id=116, 371.13657pt x 124.21407pt>
File: fig19.jpeg Graphic file (type jpg)
<use fig19.jpeg>
Package pdftex.def Info: fig19.jpeg  used on input line 648.
(pdftex.def)             Requested size: 234.8775pt x 78.61159pt.
<fig20.jpeg, id=117, 435.12563pt x 342.5297pt>
File: fig20.jpeg Graphic file (type jpg)
<use fig20.jpeg>
Package pdftex.def Info: fig20.jpeg  used on input line 657.
(pdftex.def)             Requested size: 234.8775pt x 184.90056pt.
<fig21.jpeg, id=118, 529.98pt x 353.82187pt>
File: fig21.jpeg Graphic file (type jpg)
<use fig21.jpeg>
Package pdftex.def Info: fig21.jpeg  used on input line 666.
(pdftex.def)             Requested size: 234.8775pt x 156.80507pt.
<fig22.jpeg, id=119, 526.96875pt x 353.82187pt>
File: fig22.jpeg Graphic file (type jpg)
<use fig22.jpeg>
Package pdftex.def Info: fig22.jpeg  used on input line 675.
(pdftex.def)             Requested size: 234.8775pt x 157.70668pt.
 [25 <./fig16.jpeg> <./fig18.jpeg> <./fig19.jpeg>]
<fig23.jpeg, id=124, 215.30438pt x 240.9pt>
File: fig23.jpeg Graphic file (type jpg)
<use fig23.jpeg>
Package pdftex.def Info: fig23.jpeg  used on input line 685.
(pdftex.def)             Requested size: 117.43875pt x 131.40367pt.
<fig24.jpeg, id=125, 426.84468pt x 342.5297pt>
File: fig24.jpeg Graphic file (type jpg)
<use fig24.jpeg>
Package pdftex.def Info: fig24.jpeg  used on input line 694.
(pdftex.def)             Requested size: 187.89914pt x 150.7867pt.
 [26 <./fig20.jpeg> <./fig21.jpeg>] [27 <./fig22.jpeg> <./fig23.jpeg> <./fig24.
jpeg>]
Underfull \hbox (badness 10000) in paragraph at lines 709--712

 []


Underfull \hbox (badness 10000) in paragraph at lines 709--712

 []


Underfull \hbox (badness 10000) in paragraph at lines 713--714

 []


Underfull \hbox (badness 10000) in paragraph at lines 715--716

 []

[28

] [29

] (NLA Project.aux)
 ***********
LaTeX2e <2023-11-01> patch level 1
L3 programming layer <2024-01-04>
 ***********
 ) 
Here is how much of TeX's memory you used:
 3804 strings out of 474486
 61768 string characters out of 5742810
 1935542 words of memory out of 5000000
 26066 multiletter control sequences out of 15000+600000
 565141 words of font info for 60 fonts, out of 8000000 for 9000
 1141 hyphenation exceptions out of 8191
 57i,10n,65p,1321b,314s stack positions out of 10000i,1000n,20000p,200000b,200000s
 <C:\Users\Sumaira\AppData\Local\MiKTeX\fonts/pk/ljfour/jknappen/ec/dpi600\tc
rm1200.pk><C:/Users/Sumaira/AppData/Local/Programs/MiKTeX/fonts/type1/public/am
sfonts/cm/cmbx12.pfb><C:/Users/Sumaira/AppData/Local/Programs/MiKTeX/fonts/type
1/public/amsfonts/cm/cmex10.pfb><C:/Users/Sumaira/AppData/Local/Programs/MiKTeX
/fonts/type1/public/amsfonts/cm/cmmi12.pfb><C:/Users/Sumaira/AppData/Local/Prog
rams/MiKTeX/fonts/type1/public/amsfonts/cm/cmmi6.pfb><C:/Users/Sumaira/AppData/
Local/Programs/MiKTeX/fonts/type1/public/amsfonts/cm/cmmi8.pfb><C:/Users/Sumair
a/AppData/Local/Programs/MiKTeX/fonts/type1/public/amsfonts/cm/cmr12.pfb><C:/Us
ers/Sumaira/AppData/Local/Programs/MiKTeX/fonts/type1/public/amsfonts/cm/cmr17.
pfb><C:/Users/Sumaira/AppData/Local/Programs/MiKTeX/fonts/type1/public/amsfonts
/cm/cmr8.pfb><C:/Users/Sumaira/AppData/Local/Programs/MiKTeX/fonts/type1/public
/amsfonts/cm/cmsy10.pfb><C:/Users/Sumaira/AppData/Local/Programs/MiKTeX/fonts/t
ype1/public/amsfonts/cm/cmsy8.pfb><C:/Users/Sumaira/AppData/Local/Programs/MiKT
eX/fonts/type1/public/amsfonts/cm/cmti12.pfb>
Output written on "NLA Project.pdf" (29 pages, 1743658 bytes).
PDF statistics:
 189 PDF objects out of 1000 (max. 8388607)
 0 named destinations out of 1000 (max. 500000)
 166 words of extra memory for PDF output out of 10000 (max. 10000000)

